INFO 2020-01-31 14:55:04,172 basehttp 154 "GET / HTTP/1.1" 200 16286
INFO 2020-01-31 14:55:04,213 basehttp 154 "GET /static/admin/css/fonts.css HTTP/1.1" 200 423
INFO 2020-01-31 14:55:04,324 basehttp 154 "GET /static/admin/fonts/Roboto-Regular-webfont.woff HTTP/1.1" 200 80304
WARNING 2020-01-31 14:55:04,331 log 228 Not Found: /favicon.ico
WARNING 2020-01-31 14:55:04,331 basehttp 154 "GET /favicon.ico HTTP/1.1" 404 1974
INFO 2020-01-31 14:55:04,360 basehttp 154 "GET /static/admin/fonts/Roboto-Bold-webfont.woff HTTP/1.1" 200 82564
INFO 2020-01-31 14:55:04,961 basehttp 154 "GET /static/admin/fonts/Roboto-Light-webfont.woff HTTP/1.1" 200 81348
INFO 2020-01-31 14:55:08,770 basehttp 154 "GET /admin HTTP/1.1" 301 0
INFO 2020-01-31 14:55:08,824 basehttp 154 "GET /admin/ HTTP/1.1" 302 0
INFO 2020-01-31 14:55:08,943 basehttp 154 "GET /admin/login/?next=/admin/ HTTP/1.1" 200 1821
INFO 2020-01-31 14:55:08,979 basehttp 154 "GET /static/admin/css/base.css HTTP/1.1" 200 16225
INFO 2020-01-31 14:55:08,983 basehttp 154 "GET /static/admin/css/login.css HTTP/1.1" 200 1203
INFO 2020-01-31 14:55:08,986 basehttp 154 "GET /static/admin/css/responsive.css HTTP/1.1" 200 17976
INFO 2020-01-31 14:56:29,882 basehttp 154 "POST /admin/login/?next=/admin/ HTTP/1.1" 200 1951
INFO 2020-01-31 14:56:55,532 basehttp 154 "POST /admin/login/?next=/admin/ HTTP/1.1" 302 0
INFO 2020-01-31 14:56:56,135 basehttp 154 "GET /admin/ HTTP/1.1" 200 3000
INFO 2020-01-31 14:56:56,176 basehttp 154 "GET /static/admin/css/dashboard.css HTTP/1.1" 200 412
INFO 2020-01-31 14:56:56,192 basehttp 154 "GET /static/admin/img/icon-changelink.svg HTTP/1.1" 200 380
INFO 2020-01-31 14:56:56,192 basehttp 154 "GET /static/admin/img/icon-addlink.svg HTTP/1.1" 200 331
INFO 2020-01-31 14:57:07,261 basehttp 154 "GET /admin/ HTTP/1.1" 200 3000
INFO 2020-01-31 14:57:08,528 basehttp 154 "GET /admin/auth/user/ HTTP/1.1" 200 6635
INFO 2020-01-31 14:57:08,563 basehttp 154 "GET /static/admin/css/changelists.css HTTP/1.1" 200 6170
INFO 2020-01-31 14:57:08,576 basehttp 154 "GET /admin/jsi18n/ HTTP/1.1" 200 7684
INFO 2020-01-31 14:57:08,581 basehttp 154 "GET /static/admin/js/jquery.init.js HTTP/1.1" 200 363
INFO 2020-01-31 14:57:08,594 basehttp 154 "GET /static/admin/js/core.js HTTP/1.1" 200 7135
INFO 2020-01-31 14:57:08,598 basehttp 154 "GET /static/admin/js/admin/RelatedObjectLookups.js HTTP/1.1" 200 6918
INFO 2020-01-31 14:57:08,610 basehttp 154 "GET /static/admin/js/actions.js HTTP/1.1" 200 6538
INFO 2020-01-31 14:57:08,626 basehttp 154 "GET /static/admin/js/urlify.js HTTP/1.1" 200 8972
INFO 2020-01-31 14:57:08,645 basehttp 154 "GET /static/admin/js/prepopulate.js HTTP/1.1" 200 1530
INFO 2020-01-31 14:57:08,655 basehttp 154 "GET /static/admin/img/search.svg HTTP/1.1" 200 458
INFO 2020-01-31 14:57:08,674 basehttp 154 "GET /static/admin/img/icon-yes.svg HTTP/1.1" 200 436
INFO 2020-01-31 14:57:08,714 basehttp 154 "GET /static/admin/js/vendor/xregexp/xregexp.js HTTP/1.1" 200 128820
INFO 2020-01-31 14:57:10,643 basehttp 154 "GET /static/admin/js/vendor/jquery/jquery.js HTTP/1.1" 200 271751
INFO 2020-01-31 14:57:11,004 basehttp 154 "GET /static/admin/img/tooltag-add.svg HTTP/1.1" 200 331
INFO 2020-01-31 14:57:11,005 basehttp 154 "GET /static/admin/img/sorting-icons.svg HTTP/1.1" 200 1097
INFO 2020-01-31 14:57:17,825 basehttp 154 "GET /admin/ HTTP/1.1" 200 3000
INFO 2020-01-31 14:57:18,824 basehttp 154 "GET /admin/auth/group/ HTTP/1.1" 200 3480
INFO 2020-01-31 14:57:18,871 basehttp 154 "GET /admin/jsi18n/ HTTP/1.1" 200 7684
INFO 2020-01-31 14:57:20,321 basehttp 154 "GET /admin/ HTTP/1.1" 200 3000
INFO 2020-01-31 15:00:44,274 basehttp 154 "GET /admin/ HTTP/1.1" 200 3000
INFO 2020-01-31 15:00:45,907 basehttp 154 "GET /admin/ HTTP/1.1" 200 3000
INFO 2020-01-31 15:00:46,530 basehttp 154 "GET /admin/ HTTP/1.1" 200 3000
INFO 2020-01-31 15:00:46,858 basehttp 154 "GET /admin/ HTTP/1.1" 200 3000
INFO 2020-01-31 15:00:47,081 basehttp 154 "GET /admin/ HTTP/1.1" 200 3000
INFO 2020-01-31 15:00:47,270 basehttp 154 "GET /admin/ HTTP/1.1" 200 3000
INFO 2020-01-31 15:00:47,492 basehttp 154 "GET /admin/ HTTP/1.1" 200 3000
INFO 2020-01-31 15:00:47,715 basehttp 154 "GET /admin/ HTTP/1.1" 200 3000
INFO 2020-01-31 15:00:48,313 basehttp 154 "GET /admin/ HTTP/1.1" 200 3000
INFO 2020-01-31 15:00:48,498 basehttp 154 "GET /admin/ HTTP/1.1" 200 3000
INFO 2020-01-31 15:00:49,443 basehttp 154 "GET /admin/ HTTP/1.1" 200 3000
INFO 2020-01-31 15:00:50,025 basehttp 154 "GET /admin/ HTTP/1.1" 200 3000
INFO 2020-01-31 15:00:50,481 basehttp 154 "GET /admin/ HTTP/1.1" 200 3000
INFO 2020-01-31 15:00:50,741 basehttp 154 "GET /admin/ HTTP/1.1" 200 3000
INFO 2020-01-31 15:06:26,408 basehttp 154 "GET /admin/ HTTP/1.1" 200 3000
INFO 2020-01-31 15:06:26,447 basehttp 154 "GET /static/admin/css/base.css HTTP/1.1" 304 0
INFO 2020-01-31 15:06:26,459 basehttp 154 "GET /static/admin/css/dashboard.css HTTP/1.1" 304 0
INFO 2020-01-31 15:06:26,470 basehttp 154 "GET /static/admin/css/responsive.css HTTP/1.1" 304 0
INFO 2020-01-31 15:06:26,499 basehttp 154 "GET /static/admin/css/fonts.css HTTP/1.1" 304 0
INFO 2020-01-31 15:06:26,599 basehttp 154 "GET /static/admin/fonts/Roboto-Bold-webfont.woff HTTP/1.1" 304 0
INFO 2020-01-31 15:06:26,600 basehttp 154 "GET /static/admin/fonts/Roboto-Regular-webfont.woff HTTP/1.1" 304 0
INFO 2020-01-31 15:06:26,601 basehttp 154 "GET /static/admin/fonts/Roboto-Light-webfont.woff HTTP/1.1" 304 0
INFO 2020-01-31 15:06:26,602 basehttp 154 "GET /static/admin/img/icon-addlink.svg HTTP/1.1" 304 0
INFO 2020-01-31 15:06:26,618 basehttp 154 "GET /static/admin/img/icon-changelink.svg HTTP/1.1" 304 0
INFO 2020-01-31 15:06:27,507 basehttp 154 "GET /admin/ HTTP/1.1" 200 3000
INFO 2020-01-31 15:06:28,573 basehttp 154 "GET /admin/ HTTP/1.1" 200 3000
INFO 2020-01-31 15:06:29,275 basehttp 154 "GET /admin/ HTTP/1.1" 200 3000
INFO 2020-01-31 15:06:30,554 basehttp 154 "GET / HTTP/1.1" 200 16286
INFO 2020-01-31 15:06:40,364 basehttp 154 "GET /admin/ HTTP/1.1" 200 3000
INFO 2020-01-31 15:06:47,355 basehttp 154 "GET /admin/logout/ HTTP/1.1" 200 1208
INFO 2020-01-31 15:06:48,570 basehttp 154 "GET /admin/ HTTP/1.1" 302 0
INFO 2020-01-31 15:06:48,633 basehttp 154 "GET /admin/login/?next=/admin/ HTTP/1.1" 200 1821
INFO 2020-01-31 15:06:48,672 basehttp 154 "GET /static/admin/css/login.css HTTP/1.1" 304 0
INFO 2020-01-31 15:06:52,640 basehttp 154 "POST /admin/login/?next=/admin/ HTTP/1.1" 302 0
INFO 2020-01-31 15:06:52,703 basehttp 154 "GET /admin/ HTTP/1.1" 200 3000
INFO 2020-01-31 15:06:59,836 basehttp 154 "GET /admin/auth/user/ HTTP/1.1" 200 6635
INFO 2020-01-31 15:06:59,883 basehttp 154 "GET /static/admin/css/changelists.css HTTP/1.1" 304 0
INFO 2020-01-31 15:06:59,887 basehttp 154 "GET /admin/jsi18n/ HTTP/1.1" 200 7684
INFO 2020-01-31 15:06:59,889 basehttp 154 "GET /static/admin/js/vendor/jquery/jquery.js HTTP/1.1" 304 0
INFO 2020-01-31 15:06:59,897 basehttp 154 "GET /static/admin/js/jquery.init.js HTTP/1.1" 304 0
INFO 2020-01-31 15:06:59,898 basehttp 154 "GET /static/admin/js/core.js HTTP/1.1" 304 0
INFO 2020-01-31 15:06:59,923 basehttp 154 "GET /static/admin/js/admin/RelatedObjectLookups.js HTTP/1.1" 304 0
INFO 2020-01-31 15:06:59,937 basehttp 154 "GET /static/admin/js/actions.js HTTP/1.1" 304 0
INFO 2020-01-31 15:06:59,941 basehttp 154 "GET /static/admin/js/urlify.js HTTP/1.1" 304 0
INFO 2020-01-31 15:06:59,943 basehttp 154 "GET /static/admin/js/prepopulate.js HTTP/1.1" 304 0
INFO 2020-01-31 15:06:59,952 basehttp 154 "GET /static/admin/js/vendor/xregexp/xregexp.js HTTP/1.1" 304 0
INFO 2020-01-31 15:06:59,979 basehttp 154 "GET /static/admin/img/search.svg HTTP/1.1" 304 0
INFO 2020-01-31 15:06:59,988 basehttp 154 "GET /static/admin/img/icon-yes.svg HTTP/1.1" 304 0
INFO 2020-01-31 15:07:00,055 basehttp 154 "GET /static/admin/img/tooltag-add.svg HTTP/1.1" 304 0
INFO 2020-01-31 15:07:00,056 basehttp 154 "GET /static/admin/img/sorting-icons.svg HTTP/1.1" 304 0
INFO 2020-01-31 15:07:12,572 basehttp 154 "GET /admin/ HTTP/1.1" 200 3000
INFO 2020-01-31 15:07:13,593 basehttp 154 "GET /admin/auth/group/ HTTP/1.1" 200 3480
INFO 2020-01-31 15:07:13,636 basehttp 154 "GET /admin/jsi18n/ HTTP/1.1" 200 7684
INFO 2020-01-31 15:07:15,593 basehttp 154 "GET /admin/auth/group/add/ HTTP/1.1" 200 6513
INFO 2020-01-31 15:07:15,630 basehttp 154 "GET /static/admin/css/forms.css HTTP/1.1" 200 8505
INFO 2020-01-31 15:07:15,632 basehttp 154 "GET /static/admin/js/SelectFilter2.js HTTP/1.1" 200 12712
INFO 2020-01-31 15:07:15,633 basehttp 154 "GET /static/admin/js/SelectBox.js HTTP/1.1" 200 5755
INFO 2020-01-31 15:07:15,639 basehttp 154 "GET /admin/jsi18n/ HTTP/1.1" 200 7684
INFO 2020-01-31 15:07:15,645 basehttp 154 "GET /static/admin/js/change_form.js HTTP/1.1" 200 712
INFO 2020-01-31 15:07:15,645 basehttp 154 "GET /static/admin/js/prepopulate_init.js HTTP/1.1" 200 495
INFO 2020-01-31 15:07:15,688 basehttp 154 "GET /static/admin/css/widgets.css HTTP/1.1" 200 10340
INFO 2020-01-31 15:07:15,795 basehttp 154 "GET /static/admin/img/icon-unknown.svg HTTP/1.1" 200 655
INFO 2020-01-31 15:07:15,796 basehttp 154 "GET /static/admin/img/selector-icons.svg HTTP/1.1" 200 3291
INFO 2020-01-31 15:07:15,796 basehttp 154 "GET /static/admin/img/icon-unknown-alt.svg HTTP/1.1" 200 655
INFO 2020-01-31 15:07:32,767 basehttp 154 "GET /admin/auth/group/ HTTP/1.1" 200 3480
INFO 2020-01-31 15:07:33,540 basehttp 154 "GET /admin/ HTTP/1.1" 200 3000
